Step: build-step-credential-initializer:

{"level":"warn","ts":1547653923.9802108,"logger":"fallback-logger","caller":"logging/config.go:65","msg":"Fetch GitHub commit ID from kodata failed: \"ref: refs/heads/test\" is not a valid GitHub commit ID"}
{"level":"info","ts":1547653923.9808304,"logger":"fallback-logger","caller":"creds-init/main.go:40","msg":"Credentials initialized."}
Step: build-step-git-source-0:

{"level":"warn","ts":1547653924.9466875,"logger":"fallback-logger","caller":"logging/config.go:65","msg":"Fetch GitHub commit ID from kodata failed: \"ref: refs/heads/test\" is not a valid GitHub commit ID"}
{"level":"info","ts":1547653927.5506618,"logger":"fallback-logger","caller":"git-init/main.go:92","msg":"Successfully cloned \"https://github.com/cb-kubecd/my-cool-demo1.git\" @ \"master\" in path \"/workspace\""}
Step: build-step-jenkins:

Picked up _JAVA_OPTIONS: -Xmx400m
Started
Running in Durability level: PERFORMANCE_OPTIMIZED
  26.626 [id=31]	WARNING	i.f.k.c.i.VersionUsageUtils#alert: The client is using resource type 'customresourcedefinitions' with unstable version 'v1beta1'
[Pipeline] node
Running on Jenkins in /tmp/jenkinsTests.tmp/jenkins9042800261932886225test/workspace/job
[Pipeline] {
[Pipeline] stage
[Pipeline] { (Declarative: Checkout SCM)
[Pipeline] checkout
[Pipeline] }
[Pipeline] // stage
[Pipeline] withCredentials
[Pipeline] {
[Pipeline] withEnv
[Pipeline] {
[Pipeline] stage
[Pipeline] { (CI Build and push snapshot)
Stage "CI Build and push snapshot" skipped due to when conditional
[Pipeline] }
[Pipeline] // stage
[Pipeline] stage
[Pipeline] { (Build Release)
[Pipeline] dir
Running in /home/jenkins/go/src/github.com/cb-kubecd/my-cool-demo1
[Pipeline] {
[Pipeline] git
Cloning the remote Git repository
Cloning repository https://github.com/cb-kubecd/my-cool-demo1.git
 > git init /home/jenkins/go/src/github.com/cb-kubecd/my-cool-demo1 # timeout=10
Fetching upstream changes from https://github.com/cb-kubecd/my-cool-demo1.git
 > git --version # timeout=10
 > git fetch --tags --progress https://github.com/cb-kubecd/my-cool-demo1.git +refs/heads/*:refs/remotes/origin/*
 > git config remote.origin.url https://github.com/cb-kubecd/my-cool-demo1.git # timeout=10
 > git config --add remote.origin.fetch +refs/heads/*:refs/remotes/origin/* # timeout=10
 > git config remote.origin.url https://github.com/cb-kubecd/my-cool-demo1.git # timeout=10
Fetching upstream changes from https://github.com/cb-kubecd/my-cool-demo1.git
 > git fetch --tags --progress https://github.com/cb-kubecd/my-cool-demo1.git +refs/heads/*:refs/remotes/origin/*
 > git rev-parse refs/remotes/origin/master^{commit} # timeout=10
 > git rev-parse refs/remotes/origin/origin/master^{commit} # timeout=10
Checking out Revision 83812e8c74d77996449a655a54fd7cfa8453f671 (refs/remotes/origin/master)
 > git config core.sparsecheckout # timeout=10
 > git checkout -f 83812e8c74d77996449a655a54fd7cfa8453f671
 > git branch -a -v --no-abbrev # timeout=10
 > git checkout -b master 83812e8c74d77996449a655a54fd7cfa8453f671
Commit message: "Draft create"
First time build. Skipping changelog.
[Pipeline] sh
+ jx-release-version
+ echo 0.0.1
[Pipeline] sh
+ cat VERSION
+ jx step tag --version 0.0.1
Tag v0.0.1 created and pushed to remote origin
[Pipeline] sh
+ make build
CGO_ENABLED=0 GO15VENDOREXPERIMENT=1 go build -ldflags '' -o bin/my-cool-demo1 main.go
[Pipeline] sh
+ cat VERSION
+ export VERSION=0.0.1
+ skaffold build -f skaffold.yaml
time="2019-01-16T15:53:19Z" level=warning msg="config version (skaffold/v1alpha2) out of date: upgrading to latest (skaffold/v1beta2)"
Starting build...
Building [changeme]...
Sending build context to Docker daemon  525.8kBSending build context to Docker daemon  6.506MB
Step 1/4 : FROM scratch
 ---> 
Step 2/4 : EXPOSE 8080
 ---> Using cache
 ---> 4d3774e68926
Step 3/4 : ENTRYPOINT /my-cool-demo1
 ---> Running in 6555ae67e87b
 ---> 8dfd119e4f24
Step 4/4 : COPY ./bin/ /
 ---> 321ea0837ad3
Successfully built 321ea0837ad3
The push refers to a repository [10.55.241.101:5000/cb-kubecd/my-cool-demo1]
f220e4ca4f5a: Preparing
f220e4ca4f5a: Pushed
0.0.1: digest: sha256:1bd138bff32a73faa7e2b56a9e3dd6893fb0c66183f41ba2d758325b5039f710 size: 528
Build complete in 1.89296382s
Starting test...
Test complete in 5.09µs
changeme -> 10.55.241.101:5000/cb-kubecd/my-cool-demo1:0.0.1
[Pipeline] sh
+ cat VERSION
+ jx step post build --image 10.55.241.101:5000/cb-kubecd/my-cool-demo1:0.0.1
[Pipeline] }
[Pipeline] // dir
[Pipeline] }
[Pipeline] // stage
[Pipeline] stage
[Pipeline] { (Promote to Environments)
[Pipeline] dir
Running in /home/jenkins/go/src/github.com/cb-kubecd/my-cool-demo1/charts/my-cool-demo1
[Pipeline] {
[Pipeline] sh
+ cat ../../VERSION
+ jx step changelog --version v0.0.1
Using batch mode as inside a pipeline
Generating change log from git ref 83812e8c74d77996449a655a54fd7cfa8453f671 => 09f6ea07c326f46e2c16fb6936ac7e69aa65d15e
Associating user rawlingsj80.gmail.com in users.jenkins.io with email rawlingsj80@gmail.com to git GitProvider user with login  as emails match
Adding label jenkins.io/git-github-userid= to user rawlingsj80.gmail.com in users.jenkins.io
Associating user rawlingsj80.gmail.com in users.jenkins.io with email rawlingsj80@gmail.com to git GitProvider user with login  as emails match
Adding label jenkins.io/git-github-userid= to user rawlingsj80.gmail.com in users.jenkins.io
Finding issues in commit messages using git format
No release found for cb-kubecd/my-cool-demo1 and tag v0.0.1 so creating a new release
Updated the release information at https://github.com/cb-kubecd/my-cool-demo1/releases/tag/v0.0.1
generated: /home/jenkins/go/src/github.com/cb-kubecd/my-cool-demo1/charts/my-cool-demo1/templates/release.yaml
Created Release my-cool-demo1-0-0-1 resource in namespace jx
Updating PipelineActivity cb-kubecd-my-cool-demo1-master-1 with version 0.0.1
Updated PipelineActivities cb-kubecd-my-cool-demo1-master-1 with release notes URL: https://github.com/cb-kubecd/my-cool-demo1/releases/tag/v0.0.1
[Pipeline] sh
+ jx step helm release
No $CHART_REPOSITORY defined so using the default value of: http://jenkins-x-chartmuseum:8080
Adding missing Helm repo: jenkins-x http://chartmuseum.jenkins-x.io
Successfully added Helm repository jenkins-x.
Adding missing Helm repo: releases http://jenkins-x-chartmuseum:8080
Successfully added Helm repository releases.
No $CHART_REPOSITORY defined so using the default value of: http://jenkins-x-chartmuseum:8080
Uploading chart file my-cool-demo1-0.0.1.tgz to http://jenkins-x-chartmuseum:8080/api/charts
Received 201 response: {"saved":true}
[Pipeline] sh
+ cat ../../VERSION
+ jx promote -b --all-auto --timeout 1h --version 0.0.1
prow based install so skip waiting for the merge of Pull Requests to go green as currently there is an issue with gettingstatuses from the PR, see https://github.com/jenkins-x/jx/issues/2410
Promoting app my-cool-demo1 version 0.0.1 to namespace jx-staging
Could not find Jenkins URL: services "jenkins" not found in namespace jx
Created Pull Request: https://github.com/cb-kubecd/environment-jrawlings-dev7-staging/pull/3

Could not find Jenkins URL: services "jenkins" not found in namespace jx
Failed to query the Pull Request last commit status for https://github.com/cb-kubecd/environment-jrawlings-dev7-staging/pull/3 ref 9eea694603daae0ffe0fa8473aa774f16ee2898c Could not find a status for repository cb-kubecd/environment-jrawlings-dev7-staging with ref 9eea694603daae0ffe0fa8473aa774f16ee2898c
Pull Request https://github.com/cb-kubecd/environment-jrawlings-dev7-staging/pull/3 is merged at sha fdc1e1c3dc5cf0cc0a89428b36e555f32de97f15
Pull Request merged but we are not waiting for the update pipeline to complete!
Could not find the service URL in namespace jx-staging for names my-cool-demo1, jx-my-cool-demo1, jx-staging-my-cool-demo1
[Pipeline] }
[Pipeline] // dir
[Pipeline] }
[Pipeline] // stage
[Pipeline] }
[Pipeline] // withEnv
[Pipeline] }
[Pipeline] // withCredentials
[Pipeline] }
[Pipeline] // node
[Pipeline] End of Pipeline
