Step: build-step-credential-initializer:

{"level":"warn","ts":1547654616.9700868,"logger":"fallback-logger","caller":"logging/config.go:65","msg":"Fetch GitHub commit ID from kodata failed: \"ref: refs/heads/test\" is not a valid GitHub commit ID"}
{"level":"info","ts":1547654616.970548,"logger":"fallback-logger","caller":"creds-init/main.go:40","msg":"Credentials initialized."}
Step: build-step-git-source-0:

{"level":"warn","ts":1547654618.1321974,"logger":"fallback-logger","caller":"logging/config.go:65","msg":"Fetch GitHub commit ID from kodata failed: \"ref: refs/heads/test\" is not a valid GitHub commit ID"}
{"level":"info","ts":1547654619.246488,"logger":"fallback-logger","caller":"git-init/main.go:92","msg":"Successfully cloned \"https://github.com/cb-kubecd/my-cool-demo1.git\" @ \"e06c2d43ef11d022b493fee4d4efdc29af5893e8\" in path \"/workspace\""}
Step: build-step-jenkins:

Picked up _JAVA_OPTIONS: -Xmx400m
Started
Running in Durability level: PERFORMANCE_OPTIMIZED
  18.062 [id=32]	WARNING	i.f.k.c.i.VersionUsageUtils#alert: The client is using resource type 'customresourcedefinitions' with unstable version 'v1beta1'
[Pipeline] node
Running on Jenkins in /tmp/jenkinsTests.tmp/jenkins8995059963182263212test/workspace/job
[Pipeline] {
[Pipeline] stage
[Pipeline] { (Declarative: Checkout SCM)
[Pipeline] checkout
[Pipeline] }
[Pipeline] // stage
[Pipeline] withCredentials
[Pipeline] {
[Pipeline] withEnv
[Pipeline] {
[Pipeline] stage
[Pipeline] { (CI Build and push snapshot)
Stage "CI Build and push snapshot" skipped due to when conditional
[Pipeline] }
[Pipeline] // stage
[Pipeline] stage
[Pipeline] { (Build Release)
[Pipeline] dir
Running in /home/jenkins/go/src/github.com/cb-kubecd/my-cool-demo1
[Pipeline] {
[Pipeline] git
Cloning the remote Git repository
Cloning repository https://github.com/cb-kubecd/my-cool-demo1.git
 > git init /home/jenkins/go/src/github.com/cb-kubecd/my-cool-demo1 # timeout=10
Fetching upstream changes from https://github.com/cb-kubecd/my-cool-demo1.git
 > git --version # timeout=10
 > git fetch --tags --progress https://github.com/cb-kubecd/my-cool-demo1.git +refs/heads/*:refs/remotes/origin/*
 > git config remote.origin.url https://github.com/cb-kubecd/my-cool-demo1.git # timeout=10
 > git config --add remote.origin.fetch +refs/heads/*:refs/remotes/origin/* # timeout=10
 > git config remote.origin.url https://github.com/cb-kubecd/my-cool-demo1.git # timeout=10
Fetching upstream changes from https://github.com/cb-kubecd/my-cool-demo1.git
 > git fetch --tags --progress https://github.com/cb-kubecd/my-cool-demo1.git +refs/heads/*:refs/remotes/origin/*
 > git rev-parse refs/remotes/origin/master^{commit} # timeout=10
 > git rev-parse refs/remotes/origin/origin/master^{commit} # timeout=10
Checking out Revision e06c2d43ef11d022b493fee4d4efdc29af5893e8 (refs/remotes/origin/master)
 > git config core.sparsecheckout # timeout=10
 > git checkout -f e06c2d43ef11d022b493fee4d4efdc29af5893e8
 > git branch -a -v --no-abbrev # timeout=10
 > git checkout -b master e06c2d43ef11d022b493fee4d4efdc29af5893e8
Commit message: "Merge pull request #1 from cb-kubecd/wip"
First time build. Skipping changelog.
[Pipeline] sh
+ jx-release-version
+ echo 0.0.2
[Pipeline] sh
+ cat VERSION
+ jx step tag --version 0.0.2
Tag v0.0.2 created and pushed to remote origin
[Pipeline] sh
+ make build
CGO_ENABLED=0 GO15VENDOREXPERIMENT=1 go build -ldflags '' -o bin/my-cool-demo1 main.go
[Pipeline] sh
+ cat VERSION
+ export VERSION=0.0.2
+ skaffold build -f skaffold.yaml
time="2019-01-16T16:04:28Z" level=warning msg="config version (skaffold/v1alpha2) out of date: upgrading to latest (skaffold/v1beta2)"
Starting build...
Building [changeme]...
Sending build context to Docker daemon  525.8kBSending build context to Docker daemon  6.506MB
Step 1/4 : FROM scratch
 ---> 
Step 2/4 : EXPOSE 8080
 ---> Using cache
 ---> 4d3774e68926
Step 3/4 : ENTRYPOINT /my-cool-demo1
 ---> Using cache
 ---> 8dfd119e4f24
Step 4/4 : COPY ./bin/ /
 ---> Using cache
 ---> 757e8c647956
Successfully built 757e8c647956
The push refers to a repository [10.55.241.101:5000/cb-kubecd/my-cool-demo1]
9f14d984c1d8: Preparing
9f14d984c1d8: Layer already exists
0.0.2: digest: sha256:97f9695d0abd05c0c47c8656989ea32d5d9c159af96d1d965654913f0e109bd0 size: 528
Build complete in 263.372516ms
Starting test...
Test complete in 4.278µs
changeme -> 10.55.241.101:5000/cb-kubecd/my-cool-demo1:0.0.2
[Pipeline] sh
+ cat VERSION
+ jx step post build --image 10.55.241.101:5000/cb-kubecd/my-cool-demo1:0.0.2
[Pipeline] }
[Pipeline] // dir
[Pipeline] }
[Pipeline] // stage
[Pipeline] stage
[Pipeline] { (Promote to Environments)
[Pipeline] dir
Running in /home/jenkins/go/src/github.com/cb-kubecd/my-cool-demo1/charts/my-cool-demo1
[Pipeline] {
[Pipeline] sh
+ cat ../../VERSION
+ jx step changelog --version v0.0.2
Using batch mode as inside a pipeline
Generating change log from git ref e06c2d43ef11d022b493fee4d4efdc29af5893e8 => 76c6eee8c0b45bd49e810e3b68cd137fd15c43e1
Associating user rawlingsj80.gmail.com in users.jenkins.io with email rawlingsj80@gmail.com to git GitProvider user with login  as emails match
Adding label jenkins.io/git-github-userid= to user rawlingsj80.gmail.com in users.jenkins.io
Associating user rawlingsj80.gmail.com in users.jenkins.io with email rawlingsj80@gmail.com to git GitProvider user with login  as emails match
Adding label jenkins.io/git-github-userid= to user rawlingsj80.gmail.com in users.jenkins.io
Finding issues in commit messages using git format
Adding label jenkins.io/git-github-userid=rawlingsj to user rawlingsj80.gmail.com in users.jenkins.io
No release found for cb-kubecd/my-cool-demo1 and tag v0.0.2 so creating a new release
Updated the release information at https://github.com/cb-kubecd/my-cool-demo1/releases/tag/v0.0.2
generated: /home/jenkins/go/src/github.com/cb-kubecd/my-cool-demo1/charts/my-cool-demo1/templates/release.yaml
Created Release my-cool-demo1-0-0-2 resource in namespace jx
Updating PipelineActivity cb-kubecd-my-cool-demo1-master-2 with version 0.0.2
Updated PipelineActivities cb-kubecd-my-cool-demo1-master-2 with release notes URL: https://github.com/cb-kubecd/my-cool-demo1/releases/tag/v0.0.2
[Pipeline] sh
+ jx step helm release
No $CHART_REPOSITORY defined so using the default value of: http://jenkins-x-chartmuseum:8080
Adding missing Helm repo: jenkins-x http://chartmuseum.jenkins-x.io
Successfully added Helm repository jenkins-x.
Adding missing Helm repo: releases http://jenkins-x-chartmuseum:8080
Successfully added Helm repository releases.
No $CHART_REPOSITORY defined so using the default value of: http://jenkins-x-chartmuseum:8080
Uploading chart file my-cool-demo1-0.0.2.tgz to http://jenkins-x-chartmuseum:8080/api/charts
Received 201 response: {"saved":true}
[Pipeline] sh
+ cat ../../VERSION
+ jx promote -b --all-auto --timeout 1h --version 0.0.2
prow based install so skip waiting for the merge of Pull Requests to go green as currently there is an issue with gettingstatuses from the PR, see https://github.com/jenkins-x/jx/issues/2410
Promoting app my-cool-demo1 version 0.0.2 to namespace jx-staging
Could not find Jenkins URL: services "jenkins" not found in namespace jx
Created Pull Request: https://github.com/cb-kubecd/environment-jrawlings-dev7-staging/pull/4

Could not find Jenkins URL: services "jenkins" not found in namespace jx
Pull Request https://github.com/cb-kubecd/environment-jrawlings-dev7-staging/pull/4 is merged at sha 5444bbbd4bd2f563720c29f03e99408b6e711176
Pull Request merged but we are not waiting for the update pipeline to complete!
Could not find the service URL in namespace jx-staging for names my-cool-demo1, jx-my-cool-demo1, jx-staging-my-cool-demo1
[Pipeline] }
[Pipeline] // dir
[Pipeline] }
[Pipeline] // stage
[Pipeline] }
[Pipeline] // withEnv
[Pipeline] }
[Pipeline] // withCredentials
[Pipeline] }
[Pipeline] // node
[Pipeline] End of Pipeline
Finished: SUCCESS
