Step: build-step-credential-initializer:

{"level":"warn","ts":1547639122.7213645,"logger":"fallback-logger","caller":"logging/config.go:65","msg":"Fetch GitHub commit ID from kodata failed: \"ref: refs/heads/test\" is not a valid GitHub commit ID"}
{"level":"info","ts":1547639122.721798,"logger":"fallback-logger","caller":"creds-init/main.go:40","msg":"Credentials initialized."}
Step: build-step-git-source-0:

{"level":"warn","ts":1547639124.0651019,"logger":"fallback-logger","caller":"logging/config.go:65","msg":"Fetch GitHub commit ID from kodata failed: \"ref: refs/heads/test\" is not a valid GitHub commit ID"}
{"level":"info","ts":1547639125.2026587,"logger":"fallback-logger","caller":"git-init/main.go:92","msg":"Successfully cloned \"https://github.com/cb-kubecd/my-cool-jx-demo.git\" @ \"master\" in path \"/workspace\""}
Step: build-step-jenkins:

Picked up _JAVA_OPTIONS: -Xmx400m
Started
Running in Durability level: PERFORMANCE_OPTIMIZED
  20.548 [id=31]	WARNING	i.f.k.c.i.VersionUsageUtils#alert: The client is using resource type 'customresourcedefinitions' with unstable version 'v1beta1'
[Pipeline] node
Running on Jenkins in /tmp/jenkinsTests.tmp/jenkins6728775391743832830test/workspace/job
[Pipeline] {
[Pipeline] stage
[Pipeline] { (Declarative: Checkout SCM)
[Pipeline] checkout
[Pipeline] }
[Pipeline] // stage
[Pipeline] withCredentials
[Pipeline] {
[Pipeline] withEnv
[Pipeline] {
[Pipeline] stage
[Pipeline] { (CI Build and push snapshot)
Stage "CI Build and push snapshot" skipped due to when conditional
[Pipeline] }
[Pipeline] // stage
[Pipeline] stage
[Pipeline] { (Build Release)
[Pipeline] dir
Running in /home/jenkins/go/src/github.com/cb-kubecd/my-cool-jx-demo
[Pipeline] {
[Pipeline] git
Cloning the remote Git repository
Cloning repository https://github.com/cb-kubecd/my-cool-jx-demo.git
 > git init /home/jenkins/go/src/github.com/cb-kubecd/my-cool-jx-demo # timeout=10
Fetching upstream changes from https://github.com/cb-kubecd/my-cool-jx-demo.git
 > git --version # timeout=10
 > git fetch --tags --progress https://github.com/cb-kubecd/my-cool-jx-demo.git +refs/heads/*:refs/remotes/origin/*
 > git config remote.origin.url https://github.com/cb-kubecd/my-cool-jx-demo.git # timeout=10
 > git config --add remote.origin.fetch +refs/heads/*:refs/remotes/origin/* # timeout=10
 > git config remote.origin.url https://github.com/cb-kubecd/my-cool-jx-demo.git # timeout=10
Fetching upstream changes from https://github.com/cb-kubecd/my-cool-jx-demo.git
 > git fetch --tags --progress https://github.com/cb-kubecd/my-cool-jx-demo.git +refs/heads/*:refs/remotes/origin/*
 > git rev-parse refs/remotes/origin/master^{commit} # timeout=10
 > git rev-parse refs/remotes/origin/origin/master^{commit} # timeout=10
Checking out Revision 87cc341e46b24bc22f2118561cfd93d0d18f2aec (refs/remotes/origin/master)
 > git config core.sparsecheckout # timeout=10
 > git checkout -f 87cc341e46b24bc22f2118561cfd93d0d18f2aec
 > git branch -a -v --no-abbrev # timeout=10
 > git checkout -b master 87cc341e46b24bc22f2118561cfd93d0d18f2aec
Commit message: "Draft create"
First time build. Skipping changelog.
[Pipeline] sh
+ jx-release-version
+ echo 0.0.2
[Pipeline] sh
+ cat VERSION
+ jx step tag --version 0.0.2
Tag v0.0.2 created and pushed to remote origin
[Pipeline] sh
+ make build
CGO_ENABLED=0 GO15VENDOREXPERIMENT=1 go build -ldflags '' -o bin/my-cool-jx-demo main.go
[Pipeline] sh
+ cat VERSION
+ export VERSION=0.0.2
+ skaffold build -f skaffold.yaml
time="2019-01-16T11:48:47Z" level=warning msg="config version (skaffold/v1alpha2) out of date: upgrading to latest (skaffold/v1beta2)"
Starting build...
Building [changeme]...
Sending build context to Docker daemon  525.8kBSending build context to Docker daemon  6.096MBSending build context to Docker daemon  6.506MB
Step 1/4 : FROM scratch
 ---> 
Step 2/4 : EXPOSE 8080
 ---> Running in 099cdb4ca748
 ---> 2e806faca41a
Step 3/4 : ENTRYPOINT /my-cool-jx-demo
 ---> Running in 0819bbee2f8b
 ---> 455824085b95
Step 4/4 : COPY ./bin/ /
 ---> c5df3123a6fa
Successfully built c5df3123a6fa
The push refers to a repository [10.55.241.101:5000/cb-kubecd/my-cool-jx-demo]
b7cae36167a9: Preparing
b7cae36167a9: Pushed
0.0.2: digest: sha256:179f1a4ee9486396091ce1644a49df0d679f7791dd5b36d1cd09fa091cec60da size: 528
Build complete in 1.676537988s
Starting test...
Test complete in 6.974µs
changeme -> 10.55.241.101:5000/cb-kubecd/my-cool-jx-demo:0.0.2
[Pipeline] sh
+ cat VERSION
+ jx step post build --image 10.55.241.101:5000/cb-kubecd/my-cool-jx-demo:0.0.2
[Pipeline] }
[Pipeline] // dir
[Pipeline] }
[Pipeline] // stage
[Pipeline] stage
[Pipeline] { (Promote to Environments)
[Pipeline] dir
Running in /home/jenkins/go/src/github.com/cb-kubecd/my-cool-jx-demo/charts/my-cool-jx-demo
[Pipeline] {
[Pipeline] sh
+ cat ../../VERSION
+ jx step changelog --version v0.0.2
Using batch mode as inside a pipeline
Generating change log from git ref 87cc341e46b24bc22f2118561cfd93d0d18f2aec => 199f97ea71b83163a2fdf8d9c36d09af10401354
Associating user rawlingsj80.gmail.com in users.jenkins.io with email rawlingsj80@gmail.com to git GitProvider user with login  as emails match
Adding label jenkins.io/git-github-userid= to user rawlingsj80.gmail.com in users.jenkins.io
Associating user rawlingsj80.gmail.com in users.jenkins.io with email rawlingsj80@gmail.com to git GitProvider user with login  as emails match
Adding label jenkins.io/git-github-userid= to user rawlingsj80.gmail.com in users.jenkins.io
Finding issues in commit messages using git format
No release found for cb-kubecd/my-cool-jx-demo and tag v0.0.2 so creating a new release
Updated the release information at https://github.com/cb-kubecd/my-cool-jx-demo/releases/tag/v0.0.2
generated: /home/jenkins/go/src/github.com/cb-kubecd/my-cool-jx-demo/charts/my-cool-jx-demo/templates/release.yaml
Created Release my-cool-jx-demo-0-0-2 resource in namespace jx
Updating PipelineActivity cb-kubecd-my-cool-jx-demo-master-2 with version 0.0.2
Updated PipelineActivities cb-kubecd-my-cool-jx-demo-master-2 with release notes URL: https://github.com/cb-kubecd/my-cool-jx-demo/releases/tag/v0.0.2
[Pipeline] sh
+ jx step helm release
No $CHART_REPOSITORY defined so using the default value of: http://jenkins-x-chartmuseum:8080
Adding missing Helm repo: releases http://jenkins-x-chartmuseum:8080
Successfully added Helm repository releases.
Adding missing Helm repo: jenkins-x http://chartmuseum.jenkins-x.io
Successfully added Helm repository jenkins-x.
No $CHART_REPOSITORY defined so using the default value of: http://jenkins-x-chartmuseum:8080
Uploading chart file my-cool-jx-demo-0.0.2.tgz to http://jenkins-x-chartmuseum:8080/api/charts
Received 201 response: {"saved":true}
[Pipeline] sh
+ cat ../../VERSION
+ jx promote -b --all-auto --timeout 1h --version 0.0.2
prow based install so skip waiting for the merge of Pull Requests to go green as currently there is an issue with gettingstatuses from the PR, see https://github.com/jenkins-x/jx/issues/2410
Promoting app my-cool-jx-demo version 0.0.2 to namespace jx-staging
Could not find Jenkins URL: services "jenkins" not found in namespace jx
Created Pull Request: https://github.com/cb-kubecd/environment-jrawlings-dev7-staging/pull/2

Could not find Jenkins URL: services "jenkins" not found in namespace jx
Failed to query the Pull Request last commit status for https://github.com/cb-kubecd/environment-jrawlings-dev7-staging/pull/2 ref 850bd7562487c124e2b66d157acff99aa836f3f2 Could not find a status for repository cb-kubecd/environment-jrawlings-dev7-staging with ref 850bd7562487c124e2b66d157acff99aa836f3f2
Pull Request https://github.com/cb-kubecd/environment-jrawlings-dev7-staging/pull/2 is merged at sha ec538c7321730d6fee98dfc89222019fb99359de
Pull Request merged but we are not waiting for the update pipeline to complete!
Could not find the service URL in namespace jx-staging for names my-cool-jx-demo, jx-my-cool-jx-demo, jx-staging-my-cool-jx-demo
[Pipeline] }
[Pipeline] // dir
[Pipeline] }
[Pipeline] // stage
[Pipeline] }
[Pipeline] // withEnv
[Pipeline] }
[Pipeline] // withCredentials
[Pipeline] }
[Pipeline] // node
[Pipeline] End of Pipeline
Finished: SUCCESS
